<?xml version="1.0" encoding="UTF-8"?>
<testsuite xmlns:xsi="http://www.w3.org/2001/XMLSchema-instance" xsi:noNamespaceSchemaLocation="https://maven.apache.org/surefire/maven-surefire-plugin/xsd/surefire-test-report.xsd" name="lista2.bored.BoredRunner" time="0.584" tests="1" errors="1" skipped="0" failures="0">
  <properties>
[...]
</properties>
  <testcase name="testBored" classname="lista2.bored.BoredRunner" time="0.582">
    <error message="For input string: &quot;6.feature&quot;" type="java.lang.NumberFormatException">java.lang.NumberFormatException: For input string: "6.feature"
</error>
    <system-out><![CDATA[16:26:26.283 [main] INFO  com.intuit.karate.Runner - using system property 'karate.options': c:\Users\vinic\Documents\GitHub\S206\S206-L1_Lista-2\s206_lista2\src\test\java\lista2\bored.feature:6
]]></system-out>
  </testcase>
</testsuite>